------ INA219 Indutor Primario ------
Tensao barramento: 3.200 V
Corrente: 58.20 mA
Potencia: 186.00 mW
Energia acumulada: 1.9853 mWh

------ INA219 Bateria ------
Tensao barramento: 0.836 V
Corrente: -0.50 mA
Potencia: 0.00 mW
Energia acumulada: 0.0000 mWh

--------------------

------ INA219 Indutor Primario ------
Tensao barramento: 3.200 V
Corrente: 58.20 mA
Potencia: 186.00 mW
Energia acumulada: 2.0901 mWh

------ INA219 Bateria ------
Tensao barramento: 0.820 V
Corrente: -0.30 mA
Potencia: 0.00 mW
Energia acumulada: 0.0000 mWh

--------------------

------ INA219 Indutor Primario ------
Tensao barramento: 3.196 V
Corrente: 58.10 mA
Potencia: 186.00 mW
Energia acumulada: 2.1948 mWh

------ INA219 Bateria ------
Tensao barramento: 0.864 V
Corrente: -0.60 mA
Potencia: 0.00 mW
Energia acumulada: 0.0000 mWh

--------------------

------ INA219 Indutor Primario ------
Tensao barramento: 3.208 V
Corrente: 58.00 mA
Potencia: 186.00 mW
Energia acumulada: 2.2995 mWh

------ INA219 Bateria ------
Tensao barramento: 0.824 V
Corrente: -0.40 mA
Potencia: 0.00 mW
Energia acumulada: 0.0000 mWh

--------------------

------ INA219 Indutor Primario ------
Tensao barramento: 3.208 V
Corrente: 57.10 mA
Potencia: 184.00 mW
Energia acumulada: 2.4031 mWh

------ INA219 Bateria ------
Tensao barramento: 0.816 V
Corrente: -0.40 mA
Potencia: 0.00 mW
Energia acumulada: 0.0000 mWh

--------------------

------ INA219 Indutor Primario ------
Tensao barramento: 3.196 V
Corrente: 58.50 mA
Potencia: 186.00 mW
Energia acumulada: 2.5078 mWh

------ INA219 Bateria ------
Tensao barramento: 0.824 V
Corrente: -0.40 mA
Potencia: 0.00 mW
Energia acumulada: 0.0000 mWh

--------------------

------ INA219 Indutor Primario ------
Tensao barramento: 3.196 V
Corrente: 58.30 mA
Potencia: 186.00 mW
Energia acumulada: 2.6126 mWh

------ INA219 Bateria ------
Tensao barramento: 0.792 V
Corrente: -0.50 mA
Potencia: 0.00 mW
Energia acumulada: 0.0000 mWh

--------------------

------ INA219 Indutor Primario ------
Tensao barramento: 3.196 V
Corrente: 58.20 mA
Potencia: 186.00 mW
Energia acumulada: 2.7173 mWh

------ INA219 Bateria ------
Tensao barramento: 0.860 V
Corrente: -0.50 mA
Potencia: 0.00 mW
Energia acumulada: 0.0000 mWh

--------------------

------ INA219 Indutor Primario ------
Tensao barramento: 3.196 V
Corrente: 58.10 mA
Potencia: 186.00 mW
Energia acumulada: 2.8220 mWh

------ INA219 Bateria ------
Tensao barramento: 0.832 V
Corrente: -0.20 mA
Potencia: 0.00 mW
Energia acumulada: 0.0000 mWh

--------------------

------ INA219 Indutor Primario ------
Tensao barramento: 3.204 V
Corrente: 58.00 mA
Potencia: 184.00 mW
Energia acumulada: 2.9256 mWh

------ INA219 Bateria ------
Tensao barramento: 0.820 V
Corrente: -0.50 mA
Potencia: 0.00 mW
Energia acumulada: 0.0000 mWh

--------------------

------ INA219 Indutor Primario ------
Tensao barramento: 3.196 V
Corrente: 57.70 mA
Potencia: 184.00 mW
Energia acumulada: 3.0292 mWh

------ INA219 Bateria ------
Tensao barramento: 0.852 V
Corrente: -0.20 mA
Potencia: 0.00 mW
Energia acumulada: 0.0000 mWh

--------------------

------ INA219 Indutor Primario ------
Tensao barramento: 3.200 V
Corrente: 58.00 mA
Potencia: 184.00 mW
Energia acumulada: 3.1328 mWh

------ INA219 Bateria ------
Tensao barramento: 0.824 V
Corrente: -0.30 mA
Potencia: 0.00 mW
Energia acumulada: 0.0000 mWh

--------------------

------ INA219 Indutor Primario ------
Tensao barramento: 3.196 V
Corrente: 58.10 mA
Potencia: 186.00 mW
Energia acumulada: 3.2376 mWh

------ INA219 Bateria ------
Tensao barramento: 0.828 V
Corrente: 0.00 mA
Potencia: 0.00 mW
Energia acumulada: 0.0000 mWh

--------------------

------ INA219 Indutor Primario ------
Tensao barramento: 3.196 V
Corrente: 58.30 mA
Potencia: 186.00 mW
Energia acumulada: 3.3423 mWh

------ INA219 Bateria ------
Tensao barramento: 0.836 V
Corrente: -0.40 mA
Potencia: 0.00 mW
Energia acumulada: 0.0000 mWh

--------------------

------ INA219 Indutor Primario ------
Tensao barramento: 3.196 V
Corrente: 58.20 mA
Potencia: 186.00 mW
Energia acumulada: 3.4470 mWh

------ INA219 Bateria ------
Tensao barramento: 0.820 V
Corrente: -0.10 mA
Potencia: 0.00 mW
Energia acumulada: 0.0000 mWh

--------------------

------ INA219 Indutor Primario ------
Tensao barramento: 3.200 V
Corrente: 58.30 mA
Potencia: 186.00 mW
Energia acumulada: 3.5518 mWh

------ INA219 Bateria ------
Tensao barramento: 0.860 V
Corrente: -0.40 mA
Potencia: 0.00 mW
Energia acumulada: 0.0000 mWh

--------------------

------ INA219 Indutor Primario ------
Tensao barramento: 3.216 V
Corrente: 57.90 mA
Potencia: 186.00 mW
Energia acumulada: 3.6565 mWh

------ INA219 Bateria ------
Tensao barramento: 0.832 V
Corrente: -0.40 mA
Potencia: 0.00 mW
Energia acumulada: 0.0000 mWh

--------------------

------ INA219 Indutor Primario ------
Tensao barramento: 3.208 V
Corrente: 57.30 mA
Potencia: 184.00 mW
Energia acumulada: 3.7601 mWh

------ INA219 Bateria ------
Tensao barramento: 0.828 V
Corrente: -0.40 mA
Potencia: 0.00 mW
Energia acumulada: 0.0000 mWh

--------------------

------ INA219 Indutor Primario ------
Tensao barramento: 3.216 V
Corrente: 58.00 mA
Potencia: 184.00 mW
Energia acumulada: 3.8637 mWh

------ INA219 Bateria ------
Tensao barramento: 0.828 V
Corrente: -0.60 mA
Potencia: 0.00 mW
Energia acumulada: 0.0000 mWh

--------------------

------ INA219 Indutor Primario ------
Tensao barramento: 3.212 V
Corrente: 58.30 mA
Potencia: 186.00 mW
Energia acumulada: 3.9684 mWh

------ INA219 Bateria ------
Tensao barramento: 0.816 V
Corrente: -0.30 mA
Potencia: 0.00 mW
Energia acumulada: 0.0000 mWh

--------------------

------ INA219 Indutor Primario ------
Tensao barramento: 3.212 V
Corrente: 58.40 mA
Potencia: 186.00 mW
Energia acumulada: 4.0731 mWh

------ INA219 Bateria ------
Tensao barramento: 0.880 V
Corrente: -0.50 mA
Potencia: 0.00 mW
Energia acumulada: 0.0000 mWh

--------------------

------ INA219 Indutor Primario ------
Tensao barramento: 3.212 V
Corrente: 58.20 mA
Potencia: 186.00 mW
Energia acumulada: 4.1779 mWh

------ INA219 Bateria ------
Tensao barramento: 0.832 V
Corrente: -0.30 mA
Potencia: 0.00 mW
Energia acumulada: 0.0000 mWh

--------------------

------ INA219 Indutor Primario ------
Tensao barramento: 3.208 V
Corrente: 58.30 mA
Potencia: 186.00 mW
Energia acumulada: 4.2826 mWh

------ INA219 Bateria ------
Tensao barramento: 0.672 V
Corrente: -0.50 mA
Potencia: 0.00 mW
Energia acumulada: 0.0000 mWh

--------------------

------ INA219 Indutor Primario ------
Tensao barramento: 3.208 V
Corrente: 57.70 mA
Potencia: 184.00 mW
Energia acumulada: 4.3862 mWh

------ INA219 Bateria ------
Tensao barramento: 1.068 V
Corrente: 0.00 mA
Potencia: 0.00 mW
Energia acumulada: 0.0000 mWh

--------------------

------ INA219 Indutor Primario ------
Tensao barramento: 3.192 V
Corrente: 58.00 mA
Potencia: 186.00 mW
Energia acumulada: 4.4909 mWh

------ INA219 Bateria ------
Tensao barramento: 0.256 V
Corrente: -0.40 mA
Potencia: 0.00 mW
Energia acumulada: 0.0000 mWh

--------------------

------ INA219 Indutor Primario ------
Tensao barramento: 3.188 V
Corrente: 59.40 mA
Potencia: 186.00 mW
Energia acumulada: 4.5957 mWh

------ INA219 Bateria ------
Tensao barramento: 0.956 V
Corrente: -0.10 mA
Potencia: 0.00 mW
Energia acumulada: 0.0000 mWh

--------------------

------ INA219 Indutor Primario ------
Tensao barramento: 3.188 V
Corrente: 58.40 mA
Potencia: 186.00 mW
Energia acumulada: 4.7004 mWh

------ INA219 Bateria ------
Tensao barramento: 0.980 V
Corrente: -0.30 mA
Potencia: 0.00 mW
Energia acumulada: 0.0000 mWh

--------------------

------ INA219 Indutor Primario ------
Tensao barramento: 3.188 V
Corrente: 58.40 mA
Potencia: 186.00 mW
Energia acumulada: 4.8051 mWh

------ INA219 Bateria ------
Tensao barramento: 0.348 V
Corrente: -0.40 mA
Potencia: 0.00 mW
Energia acumulada: 0.0000 mWh

--------------------

------ INA219 Indutor Primario ------
Tensao barramento: 3.184 V
Corrente: 58.40 mA
Potencia: 186.00 mW
Energia acumulada: 4.9098 mWh

------ INA219 Bateria ------
Tensao barramento: 0.956 V
Corrente: -0.10 mA
Potencia: 0.00 mW
Energia acumulada: 0.0000 mWh

--------------------

------ INA219 Indutor Primario ------
Tensao barramento: 3.196 V
Corrente: 58.20 mA
Potencia: 184.00 mW
Energia acumulada: 5.0134 mWh

------ INA219 Bateria ------
Tensao barramento: 1.060 V
Corrente: -0.40 mA
Potencia: 0.00 mW
Energia acumulada: 0.0000 mWh

--------------------

------ INA219 Indutor Primario ------
Tensao barramento: 3.196 V
Corrente: 57.70 mA
Potencia: 184.00 mW
Energia acumulada: 5.1170 mWh

------ INA219 Bateria ------
Tensao barramento: 0.348 V
Corrente: -0.30 mA
Potencia: 0.00 mW
Energia acumulada: 0.0000 mWh

--------------------

------ INA219 Indutor Primario ------
Tensao barramento: 3.196 V
Corrente: 58.20 mA
Potencia: 184.00 mW
Energia acumulada: 5.2206 mWh

------ INA219 Bateria ------
Tensao barramento: 0.860 V
Corrente: -0.40 mA
Potencia: 0.00 mW
Energia acumulada: 0.0000 mWh

--------------------

------ INA219 Indutor Primario ------
Tensao barramento: 3.180 V
Corrente: 58.60 mA
Potencia: 186.00 mW
Energia acumulada: 5.3254 mWh

------ INA219 Bateria ------
Tensao barramento: 0.984 V
Corrente: -0.30 mA
Potencia: 0.00 mW
Energia acumulada: 0.0000 mWh

--------------------

------ INA219 Indutor Primario ------
Tensao barramento: 3.192 V
Corrente: 58.60 mA
Potencia: 186.00 mW
Energia acumulada: 5.4301 mWh

------ INA219 Bateria ------
Tensao barramento: 0.512 V
Corrente: -0.30 mA
Potencia: 0.00 mW
Energia acumulada: 0.0000 mWh

--------------------

------ INA219 Indutor Primario ------
Tensao barramento: 3.188 V
Corrente: 58.50 mA
Potencia: 186.00 mW
Energia acumulada: 5.5348 mWh

------ INA219 Bateria ------
Tensao barramento: 1.012 V
Corrente: -0.20 mA
Potencia: 0.00 mW
Energia acumulada: 0.0000 mWh

--------------------

------ INA219 Indutor Primario ------
Tensao barramento: 3.196 V
Corrente: 58.50 mA
Potencia: 186.00 mW
Energia acumulada: 5.6396 mWh

------ INA219 Bateria ------
Tensao barramento: 0.908 V
Corrente: -0.50 mA
Potencia: 0.00 mW
Energia acumulada: 0.0000 mWh

--------------------

------ INA219 Indutor Primario ------
Tensao barramento: 3.204 V
Corrente: 58.40 mA
Potencia: 186.00 mW
Energia acumulada: 5.7443 mWh

------ INA219 Bateria ------
Tensao barramento: 0.000 V
Corrente: -0.50 mA
Potencia: 0.00 mW
Energia acumulada: 0.0000 mWh

--------------------

------ INA219 Indutor Primario ------
Tensao barramento: 3.204 V
Corrente: 57.90 mA
Potencia: 184.00 mW
Energia acumulada: 5.8479 mWh

------ INA219 Bateria ------
Tensao barramento: 1.712 V
Corrente: -0.30 mA
Potencia: 0.00 mW
Energia acumulada: 0.0000 mWh

--------------------

------ INA219 Indutor Primario ------
Tensao barramento: 3.200 V
Corrente: 58.40 mA
Potencia: 186.00 mW
Energia acumulada: 5.9526 mWh

------ INA219 Bateria ------
Tensao barramento: 0.804 V
Corrente: -0.40 mA
Potencia: 0.00 mW
Energia acumulada: 0.0000 mWh

--------------------

------ INA219 Indutor Primario ------
Tensao barramento: 3.188 V
Corrente: 58.60 mA
Potencia: 186.00 mW
Energia acumulada: 6.0573 mWh

------ INA219 Bateria ------
Tensao barramento: 0.812 V
Corrente: -0.40 mA
Potencia: 0.00 mW
Energia acumulada: 0.0000 mWh

--------------------

------ INA219 Indutor Primario ------
Tensao barramento: 3.212 V
Corrente: 57.30 mA
Potencia: 184.00 mW
Energia acumulada: 6.1610 mWh

------ INA219 Bateria ------
Tensao barramento: 0.852 V
Corrente: -0.50 mA
Potencia: 0.00 mW
Energia acumulada: 0.0000 mWh

--------------------

------ INA219 Indutor Primario ------
Tensao barramento: 3.208 V
Corrente: 58.10 mA
Potencia: 186.00 mW
Energia acumulada: 6.2657 mWh

------ INA219 Bateria ------
Tensao barramento: 0.696 V
Corrente: -0.30 mA
Potencia: 0.00 mW
Energia acumulada: 0.0000 mWh

--------------------

------ INA219 Indutor Primario ------
Tensao barramento: 3.200 V
Corrente: 58.10 mA
Potencia: 184.00 mW
Energia acumulada: 6.3693 mWh

------ INA219 Bateria ------
Tensao barramento: 0.956 V
Corrente: -0.30 mA
Potencia: 0.00 mW
Energia acumulada: 0.0000 mWh

--------------------

------ INA219 Indutor Primario ------
Tensao barramento: 3.204 V
Corrente: 57.70 mA
Potencia: 184.00 mW
Energia acumulada: 6.4729 mWh

------ INA219 Bateria ------
Tensao barramento: 0.804 V
Corrente: -0.40 mA
Potencia: 0.00 mW
Energia acumulada: 0.0000 mWh

--------------------

------ INA219 Indutor Primario ------
Tensao barramento: 3.200 V
Corrente: 59.10 mA
Potencia: 186.00 mW
Energia acumulada: 6.5776 mWh

------ INA219 Bateria ------
Tensao barramento: 0.804 V
Corrente: -0.50 mA
Potencia: 0.00 mW
Energia acumulada: 0.0000 mWh

--------------------

------ INA219 Indutor Primario ------
Tensao barramento: 3.240 V
Corrente: 60.30 mA
Potencia: 190.00 mW
Energia acumulada: 6.6846 mWh

------ INA219 Bateria ------
Tensao barramento: 0.780 V
Corrente: -0.20 mA
Potencia: 0.00 mW
Energia acumulada: 0.0000 mWh

--------------------

------ INA219 Indutor Primario ------
Tensao barramento: 3.236 V
Corrente: 56.50 mA
Potencia: 184.00 mW
Energia acumulada: 6.7882 mWh

------ INA219 Bateria ------
Tensao barramento: 0.588 V
Corrente: -0.30 mA
Potencia: 0.00 mW
Energia acumulada: 0.0000 mWh

--------------------

------ INA219 Indutor Primario ------
Tensao barramento: 3.196 V
Corrente: 58.30 mA
Potencia: 186.00 mW
Energia acumulada: 6.8929 mWh

------ INA219 Bateria ------
Tensao barramento: 0.856 V
Corrente: -0.30 mA
Potencia: 0.00 mW
Energia acumulada: 0.0000 mWh

--------------------

------ INA219 Indutor Primario ------
Tensao barramento: 3.196 V
Corrente: 58.60 mA
Potencia: 186.00 mW
Energia acumulada: 6.9977 mWh

------ INA219 Bateria ------
Tensao barramento: 0.828 V
Corrente: -0.40 mA
Potencia: 0.00 mW
Energia acumulada: 0.0000 mWh

--------------------

------ INA219 Indutor Primario ------
Tensao barramento: 3.200 V
Corrente: 58.50 mA
Potencia: 186.00 mW
Energia acumulada: 7.1024 mWh

------ INA219 Bateria ------
Tensao barramento: 0.908 V
Corrente: -0.60 mA
Potencia: 0.00 mW
Energia acumulada: 0.0000 mWh

--------------------

------ INA219 Indutor Primario ------
Tensao barramento: 3.164 V
Corrente: 60.40 mA
Potencia: 190.00 mW
Energia acumulada: 7.2094 mWh

------ INA219 Bateria ------
Tensao barramento: 0.792 V
Corrente: -0.40 mA
Potencia: 0.00 mW
Energia acumulada: 0.0000 mWh

--------------------

------ INA219 Indutor Primario ------
Tensao barramento: 3.148 V
Corrente: 60.50 mA
Potencia: 190.00 mW
Energia acumulada: 7.3163 mWh

------ INA219 Bateria ------
Tensao barramento: 0.732 V
Corrente: -0.20 mA
Potencia: 0.00 mW
Energia acumulada: 0.0000 mWh

--------------------

------ INA219 Indutor Primario ------
Tensao barramento: 3.172 V
Corrente: 59.70 mA
Potencia: 190.00 mW
Energia acumulada: 7.4233 mWh

------ INA219 Bateria ------
Tensao barramento: 0.844 V
Corrente: -0.30 mA
Potencia: 0.00 mW
Energia acumulada: 0.0000 mWh

--------------------

------ INA219 Indutor Primario ------
Tensao barramento: 3.176 V
Corrente: 59.30 mA
Potencia: 190.00 mW
Energia acumulada: 7.5303 mWh

------ INA219 Bateria ------
Tensao barramento: 0.816 V
Corrente: -0.40 mA
Potencia: 0.00 mW
Energia acumulada: 0.0000 mWh

--------------------

------ INA219 Indutor Primario ------
Tensao barramento: 3.148 V
Corrente: 60.50 mA
Potencia: 190.00 mW
Energia acumulada: 7.6373 mWh

------ INA219 Bateria ------
Tensao barramento: 0.856 V
Corrente: -0.40 mA
Potencia: 0.00 mW
Energia acumulada: 0.0000 mWh

--------------------

------ INA219 Indutor Primario ------
Tensao barramento: 3.156 V
Corrente: 60.80 mA
Potencia: 190.00 mW
Energia acumulada: 7.7443 mWh

------ INA219 Bateria ------
Tensao barramento: 0.856 V
Corrente: -0.20 mA
Potencia: 0.00 mW
Energia acumulada: 0.0000 mWh

--------------------

------ INA219 Indutor Primario ------
Tensao barramento: 3.156 V
Corrente: 60.50 mA
Potencia: 194.00 mW
Energia acumulada: 7.8535 mWh

------ INA219 Bateria ------
Tensao barramento: 0.840 V
Corrente: -0.40 mA
Potencia: 0.00 mW
Energia acumulada: 0.0000 mWh

--------------------

------ INA219 Indutor Primario ------
Tensao barramento: 3.164 V
Corrente: 61.30 mA
Potencia: 194.00 mW
Energia acumulada: 7.9627 mWh

------ INA219 Bateria ------
Tensao barramento: 0.820 V
Corrente: -0.30 mA
Potencia: 0.00 mW
Energia acumulada: 0.0000 mWh

--------------------

------ INA219 Indutor Primario ------
Tensao barramento: 3.152 V
Corrente: 60.80 mA
Potencia: 194.00 mW
Energia acumulada: 8.0720 mWh

------ INA219 Bateria ------
Tensao barramento: 0.868 V
Corrente: -0.40 mA
Potencia: 0.00 mW
Energia acumulada: 0.0000 mWh

--------------------

------ INA219 Indutor Primario ------
Tensao barramento: 3.156 V
Corrente: 60.90 mA
Potencia: 190.00 mW
Energia acumulada: 8.1789 mWh

------ INA219 Bateria ------
Tensao barramento: 0.828 V
Corrente: -0.40 mA
Potencia: 0.00 mW
Energia acumulada: 0.0000 mWh

--------------------

------ INA219 Indutor Primario ------
Tensao barramento: 3.156 V
Corrente: 60.60 mA
Potencia: 190.00 mW
Energia acumulada: 8.2859 mWh

------ INA219 Bateria ------
Tensao barramento: 0.792 V
Corrente: -0.40 mA
Potencia: 0.00 mW
Energia acumulada: 0.0000 mWh

--------------------

------ INA219 Indutor Primario ------
Tensao barramento: 3.148 V
Corrente: 60.50 mA
Potencia: 190.00 mW
Energia acumulada: 8.3929 mWh

------ INA219 Bateria ------
Tensao barramento: 0.892 V
Corrente: -0.30 mA
Potencia: 0.00 mW
Energia acumulada: 0.0000 mWh

--------------------

------ INA219 Indutor Primario ------
Tensao barramento: 3.148 V
Corrente: 60.80 mA
Potencia: 190.00 mW
Energia acumulada: 8.4999 mWh

------ INA219 Bateria ------
Tensao barramento: 0.844 V
Corrente: -0.10 mA
Potencia: 0.00 mW
Energia acumulada: 0.0000 mWh

--------------------

------ INA219 Indutor Primario ------
Tensao barramento: 3.156 V
Corrente: 61.20 mA
Potencia: 194.00 mW
Energia acumulada: 8.6091 mWh

------ INA219 Bateria ------
Tensao barramento: 0.808 V
Corrente: -0.20 mA
Potencia: 0.00 mW
Energia acumulada: 0.0000 mWh

--------------------

------ INA219 Indutor Primario ------
Tensao barramento: 3.148 V
Corrente: 60.70 mA
Potencia: 190.00 mW
Energia acumulada: 8.7161 mWh

------ INA219 Bateria ------
Tensao barramento: 0.864 V
Corrente: -0.10 mA
Potencia: 0.00 mW
Energia acumulada: 0.0000 mWh

--------------------

------ INA219 Indutor Primario ------
Tensao barramento: 3.148 V
Corrente: 61.10 mA
Potencia: 194.00 mW
Energia acumulada: 8.8253 mWh

------ INA219 Bateria ------
Tensao barramento: 0.840 V
Corrente: -0.50 mA
Potencia: 0.00 mW
Energia acumulada: 0.0000 mWh

--------------------

------ INA219 Indutor Primario ------
Tensao barramento: 3.152 V
Corrente: 60.90 mA
Potencia: 194.00 mW
Energia acumulada: 8.9346 mWh

------ INA219 Bateria ------
Tensao barramento: 0.832 V
Corrente: -0.20 mA
Potencia: 0.00 mW
Energia acumulada: 0.0000 mWh

--------------------

------ INA219 Indutor Primario ------
Tensao barramento: 3.160 V
Corrente: 60.60 mA
Potencia: 190.00 mW
Energia acumulada: 9.0415 mWh

------ INA219 Bateria ------
Tensao barramento: 0.852 V
Corrente: -0.30 mA
Potencia: 0.00 mW
Energia acumulada: 0.0000 mWh

--------------------

------ INA219 Indutor Primario ------
Tensao barramento: 3.160 V
Corrente: 60.90 mA
Potencia: 194.00 mW
Energia acumulada: 9.1508 mWh

------ INA219 Bateria ------
Tensao barramento: 0.856 V
Corrente: -0.20 mA
Potencia: 0.00 mW
Energia acumulada: 0.0000 mWh

--------------------

